2011-02-09 10:04:07 Warning: Warning (2): date() expects at least 1 parameter, 0 given in [C:\Arquivos de programas\VertrigoServ\www\GiroSaoPaulo\app\views\layouts\default.ctp, line 14]
2011-02-09 10:04:08 Warning: Warning (2): date() expects at least 1 parameter, 0 given in [C:\Arquivos de programas\VertrigoServ\www\GiroSaoPaulo\app\views\layouts\default.ctp, line 14]
2011-02-10 12:22:21 Warning: Warning (512): Method HtmlHelper::submit does not exist in [C:\Arquivos de programas\VertrigoServ\www\GiroSaoPaulo\cake\libs\view\helper.php, line 154]
2011-02-16 11:24:40 Warning: Warning (2): mysql_connect() [<a href='http://php.net/function.mysql-connect'>function.mysql-connect</a>]: Access denied for user 'user'@'localhost' (using password: YES) in [C:\Arquivos de programas\VertrigoServ\www\GiroSaoPaulo\cake\libs\model\datasources\dbo\dbo_mysql.php, line 552]
2011-02-16 11:24:40 Warning: Warning (2): mysql_select_db(): supplied argument is not a valid MySQL-Link resource in [C:\Arquivos de programas\VertrigoServ\www\GiroSaoPaulo\cake\libs\model\datasources\dbo\dbo_mysql.php, line 558]
2011-02-16 11:24:40 Warning: Warning (2): mysql_get_server_info(): supplied argument is not a valid MySQL-Link resource in [C:\Arquivos de programas\VertrigoServ\www\GiroSaoPaulo\cake\libs\model\datasources\dbo\dbo_mysql.php, line 566]
2011-02-16 11:24:40 Warning: Warning (2): mysql_query(): supplied argument is not a valid MySQL-Link resource in [C:\Arquivos de programas\VertrigoServ\www\GiroSaoPaulo\cake\libs\model\datasources\dbo\dbo_mysql.php, line 600]
2011-02-16 11:24:40 Warning: Warning (2): Cannot modify header information - headers already sent by (output started at C:\Arquivos de programas\VertrigoServ\www\GiroSaoPaulo\cake\libs\debugger.php:673) in [C:\Arquivos de programas\VertrigoServ\www\GiroSaoPaulo\cake\libs\controller\controller.php, line 742]
2011-02-16 11:24:40 Warning: Warning (2): mysql_errno(): supplied argument is not a valid MySQL-Link resource in [C:\Arquivos de programas\VertrigoServ\www\GiroSaoPaulo\cake\libs\model\datasources\dbo\dbo_mysql.php, line 682]
2011-02-16 11:24:40 Warning: Warning (2): Invalid argument supplied for foreach() in [C:\Arquivos de programas\VertrigoServ\www\GiroSaoPaulo\cake\libs\model\datasources\dbo\dbo_mysql.php, line 127]
2011-02-16 11:24:40 Warning: Warning (2): Invalid argument supplied for foreach() in [C:\Arquivos de programas\VertrigoServ\www\GiroSaoPaulo\cake\libs\view\helpers\form.php, line 114]
2011-04-25 10:00:02 Warning: Warning (2): unlink(C:\Documents and Settings\Amanda\Desktop\VertrigoServ\www\GiroSaoPaulo\app\tmp\cache\models\cake_model_default_comentarios) [<a href='http://php.net/function.unlink'>function.unlink</a>]: Permission denied in [C:\Documents and Settings\Amanda\Desktop\VertrigoServ\www\GiroSaoPaulo\cake\libs\file.php, line 294]
<<<<<<< HEAD
2011-04-26 11:09:16 Warning: Warning (2): mysql_connect() [<a href='http://php.net/function.mysql-connect'>function.mysql-connect</a>]: Lost connection to MySQL server at 'reading final connect information', system error: 0 in [C:\Arquivos de programas\VertrigoServ\www\GiroSaoPaulo\cake\libs\model\datasources\dbo\dbo_mysql.php, line 552]
2011-04-26 11:09:16 Warning: Warning (2): mysql_select_db(): supplied argument is not a valid MySQL-Link resource in [C:\Arquivos de programas\VertrigoServ\www\GiroSaoPaulo\cake\libs\model\datasources\dbo\dbo_mysql.php, line 558]
2011-04-26 11:09:16 Warning: Warning (2): mysql_query(): supplied argument is not a valid MySQL-Link resource in [C:\Arquivos de programas\VertrigoServ\www\GiroSaoPaulo\cake\libs\model\datasources\dbo\dbo_mysql.php, line 600]
2011-04-26 11:09:16 Warning: Warning (2): mysql_get_server_info(): supplied argument is not a valid MySQL-Link resource in [C:\Arquivos de programas\VertrigoServ\www\GiroSaoPaulo\cake\libs\model\datasources\dbo\dbo_mysql.php, line 566]
2011-04-26 11:09:16 Warning: Warning (2): Cannot modify header information - headers already sent by (output started at C:\Arquivos de programas\VertrigoServ\www\GiroSaoPaulo\cake\libs\debugger.php:673) in [C:\Arquivos de programas\VertrigoServ\www\GiroSaoPaulo\cake\libs\controller\controller.php, line 742]
2011-04-26 11:09:16 Warning: Warning (2): mysql_errno(): supplied argument is not a valid MySQL-Link resource in [C:\Arquivos de programas\VertrigoServ\www\GiroSaoPaulo\cake\libs\model\datasources\dbo\dbo_mysql.php, line 682]
2011-04-26 11:09:16 Warning: Warning (2): Invalid argument supplied for foreach() in [C:\Arquivos de programas\VertrigoServ\www\GiroSaoPaulo\cake\libs\model\datasources\dbo\dbo_mysql.php, line 127]
2011-04-26 11:09:16 Warning: Warning (2): Invalid argument supplied for foreach() in [C:\Arquivos de programas\VertrigoServ\www\GiroSaoPaulo\cake\libs\view\helpers\form.php, line 114]
2011-04-26 11:13:44 Warning: Warning (2): Cannot modify header information - headers already sent by (output started at C:\Arquivos de programas\VertrigoServ\www\GiroSaoPaulo\cake\libs\debugger.php:673) in [C:\Arquivos de programas\VertrigoServ\www\GiroSaoPaulo\cake\libs\controller\controller.php, line 742]
2011-04-26 11:58:37 Warning: Warning (2): Cannot modify header information - headers already sent by (output started at C:\Arquivos de programas\VertrigoServ\www\GiroSaoPaulo\cake\libs\debugger.php:673) in [C:\Arquivos de programas\VertrigoServ\www\GiroSaoPaulo\cake\libs\controller\controller.php, line 742]
=======
2011-04-26 11:13:04 Warning: Warning (2): mysql_connect() [<a href='http://php.net/function.mysql-connect'>function.mysql-connect</a>]: Can't connect to MySQL server on 'mysql05.editorcriacao.com.br' (10060) in [C:\Documents and Settings\Amanda\Desktop\VertrigoServ\www\GiroSaoPaulo\cake\libs\model\datasources\dbo\dbo_mysql.php, line 552]
2011-04-26 11:13:04 Warning: Warning (2): mysql_select_db(): supplied argument is not a valid MySQL-Link resource in [C:\Documents and Settings\Amanda\Desktop\VertrigoServ\www\GiroSaoPaulo\cake\libs\model\datasources\dbo\dbo_mysql.php, line 558]
2011-04-26 11:13:04 Warning: Warning (2): mysql_query(): supplied argument is not a valid MySQL-Link resource in [C:\Documents and Settings\Amanda\Desktop\VertrigoServ\www\GiroSaoPaulo\cake\libs\model\datasources\dbo\dbo_mysql.php, line 600]
2011-04-26 11:13:04 Warning: Warning (2): mysql_get_server_info(): supplied argument is not a valid MySQL-Link resource in [C:\Documents and Settings\Amanda\Desktop\VertrigoServ\www\GiroSaoPaulo\cake\libs\model\datasources\dbo\dbo_mysql.php, line 566]
2011-04-26 11:13:04 Warning: Warning (2): Cannot modify header information - headers already sent by (output started at C:\Documents and Settings\Amanda\Desktop\VertrigoServ\www\GiroSaoPaulo\cake\libs\debugger.php:673) in [C:\Documents and Settings\Amanda\Desktop\VertrigoServ\www\GiroSaoPaulo\cake\libs\controller\controller.php, line 742]
2011-04-26 11:16:13 Warning: Warning (2): mysql_connect() [<a href='http://php.net/function.mysql-connect'>function.mysql-connect</a>]: Can't connect to MySQL server on 'mysql05.editorcriacao.com.br' (10060) in [C:\Documents and Settings\Amanda\Desktop\VertrigoServ\www\GiroSaoPaulo\cake\libs\model\datasources\dbo\dbo_mysql.php, line 552]
2011-04-26 11:16:13 Warning: Warning (2): mysql_select_db(): supplied argument is not a valid MySQL-Link resource in [C:\Documents and Settings\Amanda\Desktop\VertrigoServ\www\GiroSaoPaulo\cake\libs\model\datasources\dbo\dbo_mysql.php, line 558]
2011-04-26 11:16:13 Warning: Warning (2): mysql_query(): supplied argument is not a valid MySQL-Link resource in [C:\Documents and Settings\Amanda\Desktop\VertrigoServ\www\GiroSaoPaulo\cake\libs\model\datasources\dbo\dbo_mysql.php, line 600]
2011-04-26 11:16:13 Warning: Warning (2): mysql_get_server_info(): supplied argument is not a valid MySQL-Link resource in [C:\Documents and Settings\Amanda\Desktop\VertrigoServ\www\GiroSaoPaulo\cake\libs\model\datasources\dbo\dbo_mysql.php, line 566]
2011-04-26 11:16:13 Warning: Warning (2): Cannot modify header information - headers already sent by (output started at C:\Documents and Settings\Amanda\Desktop\VertrigoServ\www\GiroSaoPaulo\cake\libs\debugger.php:673) in [C:\Documents and Settings\Amanda\Desktop\VertrigoServ\www\GiroSaoPaulo\cake\libs\controller\controller.php, line 742]
2011-04-26 11:20:24 Warning: Warning (2): mysql_connect() [<a href='http://php.net/function.mysql-connect'>function.mysql-connect</a>]: Can't connect to MySQL server on 'mysql05.editorcriacao.com.br' (10060) in [C:\Documents and Settings\Amanda\Desktop\VertrigoServ\www\GiroSaoPaulo\cake\libs\model\datasources\dbo\dbo_mysql.php, line 552]
2011-04-26 11:20:24 Warning: Warning (2): mysql_select_db(): supplied argument is not a valid MySQL-Link resource in [C:\Documents and Settings\Amanda\Desktop\VertrigoServ\www\GiroSaoPaulo\cake\libs\model\datasources\dbo\dbo_mysql.php, line 558]
2011-04-26 11:20:24 Warning: Warning (2): mysql_query(): supplied argument is not a valid MySQL-Link resource in [C:\Documents and Settings\Amanda\Desktop\VertrigoServ\www\GiroSaoPaulo\cake\libs\model\datasources\dbo\dbo_mysql.php, line 600]
2011-04-26 11:20:24 Warning: Warning (2): mysql_get_server_info(): supplied argument is not a valid MySQL-Link resource in [C:\Documents and Settings\Amanda\Desktop\VertrigoServ\www\GiroSaoPaulo\cake\libs\model\datasources\dbo\dbo_mysql.php, line 566]
2011-04-26 11:20:24 Warning: Warning (2): Cannot modify header information - headers already sent by (output started at C:\Documents and Settings\Amanda\Desktop\VertrigoServ\www\GiroSaoPaulo\cake\libs\debugger.php:673) in [C:\Documents and Settings\Amanda\Desktop\VertrigoServ\www\GiroSaoPaulo\cake\libs\controller\controller.php, line 742]
>>>>>>> 1653b0c4a1975f6cf1f7ed92bf9f2e368e8e9173
